<?xml version="1.0" encoding="UTF-8"?>
<testng-results ignored="0" total="1" passed="1" failed="0" skipped="0">
  <reporter-output>
  </reporter-output>
  <suite started-at="2023-11-04T21:33:14 PDT" name="Default suite" finished-at="2023-11-04T21:33:32 PDT" duration-ms="18066">
    <groups>
    </groups>
    <test started-at="2023-11-04T21:33:14 PDT" name="Default test" finished-at="2023-11-04T21:33:32 PDT" duration-ms="18066">
      <class name="tests.BookStoreApplicationTest">
        <test-method is-config="true" signature="openWebsite()[pri:0, instance:tests.BookStoreApplicationTest@2a7f1f10]" started-at="2023-11-04T21:33:16 PDT" name="openWebsite" finished-at="2023-11-04T21:33:27 PDT" duration-ms="10989" status="PASS">
          <reporter-output>
          </reporter-output>
        </test-method> <!-- openWebsite -->
        <test-method signature="SummitLogin(java.lang.String,java.lang.String)[pri:0, instance:tests.BookStoreApplicationTest@2a7f1f10]" started-at="2023-11-04T21:33:27 PDT" name="SummitLogin" description="TC01-Submit data successfully" data-provider="LoginData" finished-at="2023-11-04T21:33:32 PDT" duration-ms="4287" status="PASS">
          <params>
            <param index="0">
              <value>
                <![CDATA[Autotest]]>
              </value>
            </param>
            <param index="1">
              <value>
                <![CDATA[Az12345@]]>
              </value>
            </param>
          </params>
          <reporter-output>
          </reporter-output>
        </test-method> <!-- SummitLogin -->
        <test-method is-config="true" signature="closeBrowser()[pri:0, instance:tests.BookStoreApplicationTest@2a7f1f10]" started-at="2023-11-04T21:33:32 PDT" name="closeBrowser" finished-at="2023-11-04T21:33:32 PDT" duration-ms="562" status="PASS">
          <reporter-output>
          </reporter-output>
        </test-method> <!-- closeBrowser -->
      </class> <!-- tests.BookStoreApplicationTest -->
    </test> <!-- Default test -->
  </suite> <!-- Default suite -->
</testng-results>
