<?xml version="1.0" encoding="UTF-8"?>
<testng-results ignored="0" total="1" passed="1" failed="0" skipped="0">
  <reporter-output>
  </reporter-output>
  <suite started-at="2023-10-21T05:58:00 PDT" name="Default suite" finished-at="2023-10-21T05:58:34 PDT" duration-ms="34466">
    <groups>
    </groups>
    <test started-at="2023-10-21T05:58:00 PDT" name="Default test" finished-at="2023-10-21T05:58:34 PDT" duration-ms="34466">
      <class name="tests.ProgressTest">
        <test-method is-config="true" signature="openWebsite()[pri:0, instance:tests.ProgressTest@78e4deb0]" started-at="2023-10-21T05:58:00 PDT" name="openWebsite" finished-at="2023-10-21T05:58:31 PDT" duration-ms="31733" status="PASS">
          <reporter-output>
          </reporter-output>
        </test-method> <!-- openWebsite -->
        <test-method signature="doTC03()[pri:0, instance:tests.ProgressTest@78e4deb0]" started-at="2023-10-21T05:58:31 PDT" name="doTC03" finished-at="2023-10-21T05:58:34 PDT" duration-ms="2608" status="PASS">
          <reporter-output>
          </reporter-output>
        </test-method> <!-- doTC03 -->
      </class> <!-- tests.ProgressTest -->
    </test> <!-- Default test -->
  </suite> <!-- Default suite -->
</testng-results>
